{"/Users/chinwee/Projects/CardGame/App.js": {"path":"/Users/chinwee/Projects/CardGame/App.js","statementMap":{"0":{"start":{"line":19,"column":12},"end":{"line":32,"column":1}},"1":{"start":{"line":20,"column":21},"end":{"line":20,"column":48}},"2":{"start":{"line":22,"column":26},"end":{"line":24,"column":3}},"3":{"start":{"line":26,"column":2},"end":{"line":31,"column":4}}},"fnMap":{"0":{"name":"(anonymous_0)","decl":{"start":{"line":19,"column":12},"end":{"line":19,"column":13}},"loc":{"start":{"line":19,"column":18},"end":{"line":32,"column":1}},"line":19}},"branchMap":{"0":{"loc":{"start":{"line":23,"column":21},"end":{"line":23,"column":64}},"type":"cond-expr","locations":[{"start":{"line":23,"column":34},"end":{"line":23,"column":47}},{"start":{"line":23,"column":50},"end":{"line":23,"column":64}}],"line":23},"1":{"loc":{"start":{"line":28,"column":27},"end":{"line":28,"column":72}},"type":"cond-expr","locations":[{"start":{"line":28,"column":40},"end":{"line":28,"column":55}},{"start":{"line":28,"column":58},"end":{"line":28,"column":72}}],"line":28}},"s":{"0":1,"1":1,"2":1,"3":1},"f":{"0":1},"b":{"0":[0,1],"1":[0,1]},"_coverageSchema":"1a1c01bbd47fc00a2c39e90264f33305004495a9","hash":"4c723ec99046a77010690ace756498899b045f06"}
,"/Users/chinwee/Projects/CardGame/src/components/board.tsx": {"path":"/Users/chinwee/Projects/CardGame/src/components/board.tsx","statementMap":{"0":{"start":{"line":11,"column":15},"end":{"line":23,"column":2}},"1":{"start":{"line":26,"column":14},"end":{"line":74,"column":1}},"2":{"start":{"line":27,"column":24},"end":{"line":33,"column":3}},"3":{"start":{"line":28,"column":26},"end":{"line":28,"column":83}},"4":{"start":{"line":28,"column":55},"end":{"line":28,"column":82}},"5":{"start":{"line":29,"column":17},"end":{"line":29,"column":55}},"6":{"start":{"line":30,"column":4},"end":{"line":30,"column":20}},"7":{"start":{"line":31,"column":23},"end":{"line":31,"column":68}},"8":{"start":{"line":31,"column":47},"end":{"line":31,"column":67}},"9":{"start":{"line":32,"column":4},"end":{"line":32,"column":22}},"10":{"start":{"line":34,"column":25},"end":{"line":34,"column":50}},"11":{"start":{"line":35,"column":38},"end":{"line":35,"column":93}},"12":{"start":{"line":35,"column":68},"end":{"line":35,"column":91}},"13":{"start":{"line":36,"column":44},"end":{"line":36,"column":56}},"14":{"start":{"line":37,"column":30},"end":{"line":37,"column":41}},"15":{"start":{"line":38,"column":17},"end":{"line":51,"column":3}},"16":{"start":{"line":39,"column":4},"end":{"line":39,"column":22}},"17":{"start":{"line":40,"column":4},"end":{"line":50,"column":5}},"18":{"start":{"line":41,"column":6},"end":{"line":46,"column":7}},"19":{"start":{"line":42,"column":31},"end":{"line":42,"column":69}},"20":{"start":{"line":42,"column":56},"end":{"line":42,"column":68}},"21":{"start":{"line":43,"column":8},"end":{"line":43,"column":43}},"22":{"start":{"line":44,"column":8},"end":{"line":44,"column":64}},"23":{"start":{"line":45,"column":8},"end":{"line":45,"column":37}},"24":{"start":{"line":47,"column":6},"end":{"line":47,"column":26}},"25":{"start":{"line":49,"column":6},"end":{"line":49,"column":44}},"26":{"start":{"line":53,"column":2},"end":{"line":73,"column":4}},"27":{"start":{"line":60,"column":8},"end":{"line":69,"column":15}},"28":{"start":{"line":61,"column":32},"end":{"line":68,"column":12}}},"fnMap":{"0":{"name":"(anonymous_0)","decl":{"start":{"line":26,"column":14},"end":{"line":26,"column":15}},"loc":{"start":{"line":26,"column":20},"end":{"line":74,"column":1}},"line":26},"1":{"name":"(anonymous_1)","decl":{"start":{"line":27,"column":24},"end":{"line":27,"column":25}},"loc":{"start":{"line":27,"column":30},"end":{"line":33,"column":3}},"line":27},"2":{"name":"(anonymous_2)","decl":{"start":{"line":28,"column":49},"end":{"line":28,"column":50}},"loc":{"start":{"line":28,"column":55},"end":{"line":28,"column":82}},"line":28},"3":{"name":"(anonymous_3)","decl":{"start":{"line":31,"column":40},"end":{"line":31,"column":41}},"loc":{"start":{"line":31,"column":47},"end":{"line":31,"column":67}},"line":31},"4":{"name":"(anonymous_4)","decl":{"start":{"line":35,"column":62},"end":{"line":35,"column":63}},"loc":{"start":{"line":35,"column":68},"end":{"line":35,"column":91}},"line":35},"5":{"name":"(anonymous_5)","decl":{"start":{"line":38,"column":17},"end":{"line":38,"column":18}},"loc":{"start":{"line":38,"column":65},"end":{"line":51,"column":3}},"line":38},"6":{"name":"(anonymous_6)","decl":{"start":{"line":42,"column":45},"end":{"line":42,"column":46}},"loc":{"start":{"line":42,"column":56},"end":{"line":42,"column":68}},"line":42},"7":{"name":"(anonymous_7)","decl":{"start":{"line":59,"column":24},"end":{"line":59,"column":25}},"loc":{"start":{"line":60,"column":8},"end":{"line":69,"column":15}},"line":60},"8":{"name":"(anonymous_8)","decl":{"start":{"line":61,"column":25},"end":{"line":61,"column":26}},"loc":{"start":{"line":61,"column":32},"end":{"line":68,"column":12}},"line":61}},"branchMap":{"0":{"loc":{"start":{"line":40,"column":4},"end":{"line":50,"column":5}},"type":"if","locations":[{"start":{"line":40,"column":4},"end":{"line":50,"column":5}},{"start":{"line":48,"column":11},"end":{"line":50,"column":5}}],"line":40},"1":{"loc":{"start":{"line":41,"column":6},"end":{"line":46,"column":7}},"type":"if","locations":[{"start":{"line":41,"column":6},"end":{"line":46,"column":7}},{"start":{},"end":{}}],"line":41}},"s":{"0":1,"1":1,"2":1,"3":1,"4":6,"5":1,"6":1,"7":1,"8":4,"9":1,"10":1,"11":1,"12":4,"13":1,"14":1,"15":1,"16":0,"17":0,"18":0,"19":0,"20":0,"21":0,"22":0,"23":0,"24":0,"25":0,"26":1,"27":4,"28":12},"f":{"0":1,"1":1,"2":6,"3":4,"4":4,"5":0,"6":0,"7":4,"8":12},"b":{"0":[0,0],"1":[0,0]},"_coverageSchema":"1a1c01bbd47fc00a2c39e90264f33305004495a9","hash":"98ddd42418bf29bafb78a9fd3fdd53ec8ea433b5"}
,"/Users/chinwee/Projects/CardGame/src/components/card.tsx": {"path":"/Users/chinwee/Projects/CardGame/src/components/card.tsx","statementMap":{"0":{"start":{"line":9,"column":15},"end":{"line":27,"column":2}},"1":{"start":{"line":29,"column":13},"end":{"line":78,"column":1}},"2":{"start":{"line":30,"column":24},"end":{"line":30,"column":61}},"3":{"start":{"line":31,"column":18},"end":{"line":31,"column":19}},"4":{"start":{"line":33,"column":2},"end":{"line":33,"column":62}},"5":{"start":{"line":33,"column":43},"end":{"line":33,"column":60}},"6":{"start":{"line":34,"column":34},"end":{"line":34,"column":49}},"7":{"start":{"line":35,"column":2},"end":{"line":39,"column":5}},"8":{"start":{"line":36,"column":4},"end":{"line":38,"column":5}},"9":{"start":{"line":37,"column":6},"end":{"line":37,"column":29}},"10":{"start":{"line":41,"column":15},"end":{"line":48,"column":3}},"11":{"start":{"line":42,"column":4},"end":{"line":46,"column":15}},"12":{"start":{"line":47,"column":4},"end":{"line":47,"column":25}},"13":{"start":{"line":50,"column":28},"end":{"line":53,"column":4}},"14":{"start":{"line":55,"column":18},"end":{"line":61,"column":3}},"15":{"start":{"line":56,"column":4},"end":{"line":58,"column":5}},"16":{"start":{"line":57,"column":6},"end":{"line":57,"column":13}},"17":{"start":{"line":59,"column":4},"end":{"line":59,"column":11}},"18":{"start":{"line":60,"column":4},"end":{"line":60,"column":31}},"19":{"start":{"line":63,"column":2},"end":{"line":77,"column":4}}},"fnMap":{"0":{"name":"(anonymous_0)","decl":{"start":{"line":29,"column":13},"end":{"line":29,"column":14}},"loc":{"start":{"line":29,"column":60},"end":{"line":78,"column":1}},"line":29},"1":{"name":"(anonymous_1)","decl":{"start":{"line":33,"column":28},"end":{"line":33,"column":29}},"loc":{"start":{"line":33,"column":43},"end":{"line":33,"column":60}},"line":33},"2":{"name":"(anonymous_2)","decl":{"start":{"line":35,"column":12},"end":{"line":35,"column":13}},"loc":{"start":{"line":35,"column":18},"end":{"line":39,"column":3}},"line":35},"3":{"name":"(anonymous_3)","decl":{"start":{"line":41,"column":15},"end":{"line":41,"column":16}},"loc":{"start":{"line":41,"column":21},"end":{"line":48,"column":3}},"line":41},"4":{"name":"(anonymous_4)","decl":{"start":{"line":55,"column":18},"end":{"line":55,"column":19}},"loc":{"start":{"line":55,"column":24},"end":{"line":61,"column":3}},"line":55}},"branchMap":{"0":{"loc":{"start":{"line":36,"column":4},"end":{"line":38,"column":5}},"type":"if","locations":[{"start":{"line":36,"column":4},"end":{"line":38,"column":5}},{"start":{},"end":{}}],"line":36},"1":{"loc":{"start":{"line":36,"column":8},"end":{"line":36,"column":29}},"type":"binary-expr","locations":[{"start":{"line":36,"column":8},"end":{"line":36,"column":18}},{"start":{"line":36,"column":22},"end":{"line":36,"column":29}}],"line":36},"2":{"loc":{"start":{"line":44,"column":15},"end":{"line":44,"column":32}},"type":"cond-expr","locations":[{"start":{"line":44,"column":25},"end":{"line":44,"column":26}},{"start":{"line":44,"column":29},"end":{"line":44,"column":32}}],"line":44},"3":{"loc":{"start":{"line":52,"column":17},"end":{"line":52,"column":68}},"type":"cond-expr","locations":[{"start":{"line":52,"column":27},"end":{"line":52,"column":47}},{"start":{"line":52,"column":50},"end":{"line":52,"column":68}}],"line":52},"4":{"loc":{"start":{"line":56,"column":4},"end":{"line":58,"column":5}},"type":"if","locations":[{"start":{"line":56,"column":4},"end":{"line":58,"column":5}},{"start":{},"end":{}}],"line":56},"5":{"loc":{"start":{"line":56,"column":8},"end":{"line":56,"column":28}},"type":"binary-expr","locations":[{"start":{"line":56,"column":8},"end":{"line":56,"column":15}},{"start":{"line":56,"column":19},"end":{"line":56,"column":28}}],"line":56},"6":{"loc":{"start":{"line":68,"column":10},"end":{"line":68,"column":46}},"type":"cond-expr","locations":[{"start":{"line":68,"column":20},"end":{"line":68,"column":31}},{"start":{"line":68,"column":34},"end":{"line":68,"column":46}}],"line":68},"7":{"loc":{"start":{"line":72,"column":45},"end":{"line":72,"column":72}},"type":"cond-expr","locations":[{"start":{"line":72,"column":55},"end":{"line":72,"column":62}},{"start":{"line":72,"column":65},"end":{"line":72,"column":72}}],"line":72},"8":{"loc":{"start":{"line":73,"column":11},"end":{"line":73,"column":32}},"type":"cond-expr","locations":[{"start":{"line":73,"column":21},"end":{"line":73,"column":26}},{"start":{"line":73,"column":29},"end":{"line":73,"column":32}}],"line":73}},"s":{"0":2,"1":2,"2":22,"3":22,"4":22,"5":62850,"6":22,"7":22,"8":10,"9":3,"10":22,"11":5,"12":5,"13":22,"14":22,"15":6,"16":3,"17":3,"18":3,"19":22},"f":{"0":22,"1":62850,"2":10,"3":5,"4":6},"b":{"0":[3,7],"1":[10,8],"2":[2,3],"3":[3,19],"4":[3,3],"5":[6,5],"6":[3,19],"7":[3,19],"8":[3,19]},"_coverageSchema":"1a1c01bbd47fc00a2c39e90264f33305004495a9","hash":"14206177f70c01617a0647a29b8309ed13a80567"}
,"/Users/chinwee/Projects/CardGame/src/helpers/randomizer.tsx": {"path":"/Users/chinwee/Projects/CardGame/src/helpers/randomizer.tsx","statementMap":{"0":{"start":{"line":1,"column":35},"end":{"line":3,"column":1}},"1":{"start":{"line":2,"column":2},"end":{"line":2,"column":59}},"2":{"start":{"line":5,"column":23},"end":{"line":12,"column":1}},"3":{"start":{"line":6,"column":2},"end":{"line":11,"column":3}},"4":{"start":{"line":6,"column":15},"end":{"line":6,"column":31}},"5":{"start":{"line":7,"column":12},"end":{"line":7,"column":47}},"6":{"start":{"line":8,"column":15},"end":{"line":8,"column":23}},"7":{"start":{"line":9,"column":4},"end":{"line":9,"column":24}},"8":{"start":{"line":10,"column":4},"end":{"line":10,"column":20}}},"fnMap":{"0":{"name":"(anonymous_0)","decl":{"start":{"line":1,"column":35},"end":{"line":1,"column":36}},"loc":{"start":{"line":1,"column":65},"end":{"line":3,"column":1}},"line":1},"1":{"name":"(anonymous_1)","decl":{"start":{"line":5,"column":23},"end":{"line":5,"column":24}},"loc":{"start":{"line":5,"column":41},"end":{"line":12,"column":1}},"line":5}},"branchMap":{},"s":{"0":1,"1":6,"2":1,"3":1,"4":1,"5":11,"6":11,"7":11,"8":11},"f":{"0":6,"1":1},"b":{},"_coverageSchema":"1a1c01bbd47fc00a2c39e90264f33305004495a9","hash":"89a18cf46fec0b43466d1893045abb201351526a"}
}
