TN:
SF:App.js
FN:19,(anonymous_0)
FNF:1
FNH:1
FNDA:1,(anonymous_0)
DA:19,1
DA:20,1
DA:22,1
DA:26,1
LF:4
LH:4
BRDA:23,0,0,0
BRDA:23,0,1,1
BRDA:28,1,0,0
BRDA:28,1,1,1
BRF:4
BRH:2
end_of_record
TN:
SF:src/components/board.tsx
FN:26,(anonymous_0)
FN:27,(anonymous_1)
FN:28,(anonymous_2)
FN:31,(anonymous_3)
FN:35,(anonymous_4)
FN:38,(anonymous_5)
FN:42,(anonymous_6)
FN:59,(anonymous_7)
FN:61,(anonymous_8)
FNF:9
FNH:7
FNDA:1,(anonymous_0)
FNDA:1,(anonymous_1)
FNDA:6,(anonymous_2)
FNDA:4,(anonymous_3)
FNDA:4,(anonymous_4)
FNDA:0,(anonymous_5)
FNDA:0,(anonymous_6)
FNDA:4,(anonymous_7)
FNDA:12,(anonymous_8)
DA:11,1
DA:26,1
DA:27,1
DA:28,6
DA:29,1
DA:30,1
DA:31,4
DA:32,1
DA:34,1
DA:35,4
DA:36,1
DA:37,1
DA:38,1
DA:39,0
DA:40,0
DA:41,0
DA:42,0
DA:43,0
DA:44,0
DA:45,0
DA:47,0
DA:49,0
DA:53,1
DA:60,4
DA:61,12
LF:25
LH:16
BRDA:40,0,0,0
BRDA:40,0,1,0
BRDA:41,1,0,0
BRDA:41,1,1,0
BRF:4
BRH:0
end_of_record
TN:
SF:src/components/card.tsx
FN:29,(anonymous_0)
FN:33,(anonymous_1)
FN:35,(anonymous_2)
FN:41,(anonymous_3)
FN:55,(anonymous_4)
FNF:5
FNH:5
FNDA:22,(anonymous_0)
FNDA:62850,(anonymous_1)
FNDA:10,(anonymous_2)
FNDA:5,(anonymous_3)
FNDA:6,(anonymous_4)
DA:9,2
DA:29,2
DA:30,22
DA:31,22
DA:33,62850
DA:34,22
DA:35,22
DA:36,10
DA:37,3
DA:41,22
DA:42,5
DA:47,5
DA:50,22
DA:55,22
DA:56,6
DA:57,3
DA:59,3
DA:60,3
DA:63,22
LF:19
LH:19
BRDA:36,0,0,3
BRDA:36,0,1,7
BRDA:36,1,0,10
BRDA:36,1,1,8
BRDA:44,2,0,2
BRDA:44,2,1,3
BRDA:52,3,0,3
BRDA:52,3,1,19
BRDA:56,4,0,3
BRDA:56,4,1,3
BRDA:56,5,0,6
BRDA:56,5,1,5
BRDA:68,6,0,3
BRDA:68,6,1,19
BRDA:72,7,0,3
BRDA:72,7,1,19
BRDA:73,8,0,3
BRDA:73,8,1,19
BRF:18
BRH:18
end_of_record
TN:
SF:src/helpers/randomizer.tsx
FN:1,(anonymous_0)
FN:5,(anonymous_1)
FNF:2
FNH:2
FNDA:6,(anonymous_0)
FNDA:1,(anonymous_1)
DA:1,1
DA:2,6
DA:5,1
DA:6,1
DA:7,11
DA:8,11
DA:9,11
DA:10,11
LF:8
LH:8
BRF:0
BRH:0
end_of_record
